[18:32:23] [Server thread/INFO]: Starting minecraft server version 1.8.8
[18:32:23] [Server thread/INFO]: Loading properties
[18:32:23] [Server thread/INFO]: Default game type: SURVIVAL
[18:32:23] [Server thread/INFO]: Generating keypair
[18:32:24] [Server thread/INFO]: Starting Minecraft server on *:25565
[18:32:24] [Server thread/INFO]: Using default channel type
[18:32:24] [Server thread/INFO]: Your platform does not provide complete low-level API for accessing direct buffers reliably. Unless explicitly requested, heap buffer will always be preferred to avoid potential system unstability.
[18:32:25] [Server thread/INFO]: This server is running CraftBukkit version git-Bukkit-18fbb24 (MC: 1.8.8) (Implementing API version 1.8.8-R0.1-SNAPSHOT)
[18:32:26] [Server thread/WARN]: **** SERVER IS RUNNING IN OFFLINE/INSECURE MODE!
[18:32:26] [Server thread/WARN]: The server will make no attempt to authenticate usernames. Beware.
[18:32:26] [Server thread/WARN]: While this makes the game possible to play without internet access, it also opens up the ability for hackers to connect with any username they choose.
[18:32:26] [Server thread/WARN]: To change this, set "online-mode" to "true" in the server.properties file.
[18:32:26] [Server thread/INFO]: Preparing level "world"
[18:32:26] [Server thread/INFO]: Preparing start region for level 0 (Seed: 359880875074488646)
[18:32:27] [Server thread/INFO]: Preparing spawn area: 0%
[18:32:28] [Server thread/INFO]: Preparing spawn area: 1%
[18:32:29] [Server thread/INFO]: Preparing spawn area: 41%
[18:32:30] [Server thread/INFO]: Preparing spawn area: 92%
[18:32:30] [Server thread/INFO]: Preparing start region for level 1 (Seed: 359880875074488646)
[18:32:31] [Server thread/INFO]: Preparing spawn area: 25%
[18:32:33] [Server thread/INFO]: Preparing spawn area: 28%
[18:32:34] [Server thread/INFO]: Preparing spawn area: 32%
[18:32:35] [Server thread/INFO]: Preparing spawn area: 73%
[18:32:35] [Server thread/INFO]: Preparing start region for level 2 (Seed: 359880875074488646)
[18:32:36] [Server thread/INFO]: Preparing spawn area: 64%
[18:32:36] [Server thread/INFO]: Server permissions file permissions.yml is empty, ignoring it
[18:32:36] [Server thread/INFO]: Done (10.475s)! For help, type "help" or "?"
[18:32:51] [Server thread/WARN]: Can't keep up! Did the system time change, or is the server overloaded? Running 2454ms behind, skipping 49 tick(s)
[18:33:09] [Server thread/INFO]: Opped vaarun
[18:33:15] [Server thread/INFO]: Vaarun[/127.0.0.1:50939] logged in with entity id 301 at ([world]212.5, 68.0, 265.5)
[18:33:21] [Server thread/WARN]: Can't keep up! Did the system time change, or is the server overloaded? Running 5346ms behind, skipping 106 tick(s)
[18:33:41] [Server thread/INFO]: Vaarun issued server command: /gamemode c
[18:33:53] [Server thread/WARN]: Can't keep up! Did the system time change, or is the server overloaded? Running 8300ms behind, skipping 166 tick(s)
[18:34:09] [Server thread/INFO]: Opped Vaarun
[18:34:32] [Server thread/INFO]: Vaarun lost connection: Timed out
[18:34:32] [Server thread/INFO]: Vaarun left the game.
[18:34:58] [Server thread/INFO]: Unknown command. Type "help" for help.[m

[18:35:06] [Server thread/INFO]: Opped LeakZero
[18:35:14] [Server thread/INFO]: Opped Slay
[18:37:21] [Server thread/INFO]: Stopping the server
[18:37:21] [Server thread/INFO]: Stopping server
[18:37:21] [Server thread/INFO]: Saving players
[18:37:21] [Server thread/INFO]: Saving worlds
[18:37:21] [Server thread/INFO]: Saving chunks for level 'world'/Overworld
[18:37:23] [Server thread/INFO]: Saving chunks for level 'world_nether'/Nether
[18:37:23] [Server thread/INFO]: Saving chunks for level 'world_the_end'/The End
